scripts\md_to_html.py:35: error: Need type annotation for "current_p" (hint: "current_p: list[<type>] = ...")  [var-annotated]
scripts\extract_products.py:27: error: Need type annotation for "cat_products" (hint: "cat_products: dict[<type>, <type>] = ...")  [var-annotated]
scripts\config.py:203: error: Incompatible return value type (got "float", expected "int")  [return-value]
scripts\config.py:205: error: Incompatible return value type (got "float", expected "int")  [return-value]
scripts\config.py:207: error: Incompatible return value type (got "float", expected "int")  [return-value]
scripts\check_seo_structure.py:269: error: Incompatible types in assignment (expression has type "str", target has type "dict[Any, Any]")  [assignment]
scripts\extract_products_with_desc.py:38: error: Need type annotation for "cat_products" (hint: "cat_products: dict[<type>, <type>] = ...")  [var-annotated]
scripts\mega_url_extract.py:161: error: Argument 1 to "read_urls_from_file" has incompatible type "Path | None"; expected "Path"  [arg-type]
scripts\mega_url_extract.py:174: error: Generator has incompatible item type "int"; expected "bool"  [misc]
scripts\mega_url_extract.py:174: error: Argument 1 to "read_urls_from_file" has incompatible type "Path | None"; expected "Path"  [arg-type]
scripts\validate_uk.py:82: error: Assignment to variable "e" outside except: block  [misc]
scripts\validate_uk.py:83: error: Trying to read deleted variable "e"  [misc]
scripts\validate_meta.py:84: error: Returning Any from function declared to return "dict[Any, Any]"  [no-any-return]
scripts\validate_meta.py:184: error: Incompatible default for argument "primary_keywords" (default has type "None", argument has type "list[str]")  [assignment]
scripts\validate_meta.py:184: note: PEP 484 prohibits implicit Optional. Accordingly, mypy has changed its default to no_implicit_optional=True
scripts\validate_meta.py:184: note: Use https://github.com/hauntsaninja/no_implicit_optional to automatically upgrade your codebase
scripts\validate_meta.py:216: error: Value of type "object" is not indexable  [index]
scripts\validate_meta.py:217: error: Value of type "object" is not indexable  [index]
scripts\validate_meta.py:219: error: Value of type "object" is not indexable  [index]
scripts\validate_meta.py:221: error: Value of type "object" is not indexable  [index]
scripts\validate_meta.py:225: error: Value of type "object" is not indexable  [index]
scripts\validate_meta.py:226: error: Value of type "object" is not indexable  [index]
scripts\validate_meta.py:228: error: Value of type "object" is not indexable  [index]
scripts\validate_meta.py:236: error: Value of type "object" is not indexable  [index]
scripts\validate_meta.py:237: error: Value of type "object" is not indexable  [index]
scripts\validate_meta.py:239: error: Value of type "object" is not indexable  [index]
scripts\validate_meta.py:241: error: Value of type "object" is not indexable  [index]
scripts\validate_meta.py:242: error: Value of type "object" is not indexable  [index]
scripts\validate_meta.py:248: error: Value of type "object" is not indexable  [index]
scripts\validate_meta.py:249: error: Value of type "object" is not indexable  [index]
scripts\validate_meta.py:251: error: Value of type "object" is not indexable  [index]
scripts\validate_meta.py:254: error: "object" has no attribute "values"  [attr-defined]
scripts\validate_meta.py:256: error: Value of type "object" is not indexable  [index]
scripts\validate_meta.py:269: error: Incompatible default for argument "primary_keywords" (default has type "None", argument has type "list[str]")  [assignment]
scripts\validate_meta.py:269: note: PEP 484 prohibits implicit Optional. Accordingly, mypy has changed its default to no_implicit_optional=True
scripts\validate_meta.py:269: note: Use https://github.com/hauntsaninja/no_implicit_optional to automatically upgrade your codebase
scripts\validate_meta.py:298: error: Value of type "object" is not indexable  [index]
scripts\validate_meta.py:299: error: Value of type "object" is not indexable  [index]
scripts\validate_meta.py:301: error: Value of type "object" is not indexable  [index]
scripts\validate_meta.py:303: error: Value of type "object" is not indexable  [index]
scripts\validate_meta.py:304: error: Value of type "object" is not indexable  [index]
scripts\validate_meta.py:312: error: Value of type "object" is not indexable  [index]
scripts\validate_meta.py:313: error: Value of type "object" is not indexable  [index]
scripts\validate_meta.py:315: error: Value of type "object" is not indexable  [index]
scripts\validate_meta.py:317: error: Value of type "object" is not indexable  [index]
scripts\validate_meta.py:318: error: Value of type "object" is not indexable  [index]
scripts\validate_meta.py:323: error: Value of type "object" is not indexable  [index]
scripts\validate_meta.py:324: error: Value of type "object" is not indexable  [index]
scripts\validate_meta.py:326: error: Value of type "object" is not indexable  [index]
scripts\validate_meta.py:331: error: Value of type "object" is not indexable  [index]
scripts\validate_meta.py:332: error: Value of type "object" is not indexable  [index]
scripts\validate_meta.py:334: error: Value of type "object" is not indexable  [index]
scripts\validate_meta.py:339: error: Value of type "object" is not indexable  [index]
scripts\validate_meta.py:340: error: Value of type "object" is not indexable  [index]
scripts\validate_meta.py:342: error: Value of type "object" is not indexable  [index]
scripts\validate_meta.py:345: error: "object" has no attribute "values"  [attr-defined]
scripts\validate_meta.py:347: error: Value of type "object" is not indexable  [index]
scripts\validate_meta.py:360: error: Incompatible default for argument "keywords_path" (default has type "None", argument has type "str")  [assignment]
scripts\validate_meta.py:360: note: PEP 484 prohibits implicit Optional. Accordingly, mypy has changed its default to no_implicit_optional=True
scripts\validate_meta.py:360: note: Use https://github.com/hauntsaninja/no_implicit_optional to automatically upgrade your codebase
scripts\validate_meta.py:371: error: Need type annotation for "results"  [var-annotated]
scripts\validate_meta.py:385: error: Item "str" of "list[Any] | str | None" has no attribute "append"  [union-attr]
scripts\validate_meta.py:385: error: Item "None" of "list[Any] | str | None" has no attribute "append"  [union-attr]
scripts\validate_meta.py:393: error: Incompatible types in assignment (expression has type "dict[str, Any]", target has type "list[Any] | str | None")  [assignment]
scripts\validate_meta.py:405: error: Item "str" of "list[Any] | str | None" has no attribute "append"  [union-attr]
scripts\validate_meta.py:405: error: Item "None" of "list[Any] | str | None" has no attribute "append"  [union-attr]
scripts\validate_meta.py:414: error: Incompatible types in assignment (expression has type "dict[Any, Any]", target has type "list[Any] | str | None")  [assignment]
scripts\validate_meta.py:417: error: Incompatible types in assignment (expression has type "dict[Any, Any]", target has type "list[Any] | str | None")  [assignment]
scripts\validate_meta.py:420: error: No overload variant of "__getitem__" of "list" matches argument type "str"  [call-overload]
scripts\validate_meta.py:420: note: Possible overload variants:
scripts\validate_meta.py:420: note:     def __getitem__(self, SupportsIndex, /) -> Any
scripts\validate_meta.py:420: note:     def __getitem__(self, slice[Any, Any, Any], /) -> list[Any]
scripts\validate_meta.py:420: error: Value of type "list[Any] | str | None" is not indexable  [index]
scripts\validate_meta.py:420: error: Invalid index type "str" for "str"; expected type "SupportsIndex | slice[Any, Any, Any]"  [index]
scripts\validate_meta.py:421: error: No overload variant of "__getitem__" of "list" matches argument type "str"  [call-overload]
scripts\validate_meta.py:421: note: Possible overload variants:
scripts\validate_meta.py:421: note:     def __getitem__(self, SupportsIndex, /) -> Any
scripts\validate_meta.py:421: note:     def __getitem__(self, slice[Any, Any, Any], /) -> list[Any]
scripts\validate_meta.py:421: error: Value of type "list[Any] | str | None" is not indexable  [index]
scripts\validate_meta.py:421: error: Invalid index type "str" for "str"; expected type "SupportsIndex | slice[Any, Any, Any]"  [index]
scripts\validate_meta.py:423: error: No overload variant of "__getitem__" of "list" matches argument type "str"  [call-overload]
scripts\validate_meta.py:423: note: Possible overload variants:
scripts\validate_meta.py:423: note:     def __getitem__(self, SupportsIndex, /) -> Any
scripts\validate_meta.py:423: note:     def __getitem__(self, slice[Any, Any, Any], /) -> list[Any]
scripts\validate_meta.py:423: error: Value of type "list[Any] | str | None" is not indexable  [index]
scripts\validate_meta.py:423: error: Invalid index type "str" for "str"; expected type "SupportsIndex | slice[Any, Any, Any]"  [index]
scripts\validate_meta.py:459: error: Incompatible return value type (got "list[tuple[str, str | None]]", expected "list[tuple[str, str]]")  [return-value]
scripts\validate_meta.py:607: error: Argument 2 to "validate_meta_file" has incompatible type "str | None"; expected "str"  [arg-type]
scripts\validate_content.py:70: error: Name "CONTENT_STANDARDS" already defined (possibly by an import)  [no-redef]
scripts\validate_content.py:70: error: Name "QUALITY_THRESHOLDS" already defined (possibly by an import)  [no-redef]
scripts\validate_content.py:70: error: Name "get_adaptive_coverage_target" already defined (possibly by an import)  [no-redef]
scripts\validate_content.py:167: error: Unsupported target for indexed assignment ("object")  [index]
scripts\validate_content.py:168: error: Unsupported target for indexed assignment ("object")  [index]
scripts\validate_content.py:173: error: Unsupported target for indexed assignment ("object")  [index]
scripts\validate_content.py:174: error: Unsupported target for indexed assignment ("object")  [index]
scripts\validate_content.py:178: error: Unsupported target for indexed assignment ("object")  [index]
scripts\validate_content.py:179: error: Unsupported target for indexed assignment ("object")  [index]
scripts\validate_content.py:180: error: Unsupported target for indexed assignment ("object")  [index]
scripts\validate_content.py:184: error: Unsupported target for indexed assignment ("object")  [index]
scripts\validate_content.py:188: error: Value of type "object" is not indexable  [index]
scripts\validate_content.py:189: error: Value of type "object" is not indexable  [index]
scripts\validate_content.py:190: error: Value of type "object" is not indexable  [index]
scripts\validate_content.py:221: error: Unsupported target for indexed assignment ("object")  [index]
scripts\validate_content.py:225: error: Unsupported target for indexed assignment ("object")  [index]
scripts\validate_content.py:230: error: Unsupported target for indexed assignment ("object")  [index]
scripts\validate_content.py:233: error: Unsupported target for indexed assignment ("object")  [index]
scripts\validate_content.py:235: error: Unsupported target for indexed assignment ("object")  [index]
scripts\validate_content.py:237: error: Unsupported target for indexed assignment ("object")  [index]
scripts\validate_content.py:240: error: Value of type "object" is not indexable  [index]
scripts\validate_content.py:541: error: Unsupported target for indexed assignment ("Collection[str]")  [index]
scripts\validate_content.py:547: error: Unsupported target for indexed assignment ("Collection[str]")  [index]
scripts\validate_content.py:549: error: Unsupported target for indexed assignment ("Collection[str]")  [index]
scripts\validate_content.py:553: error: Unsupported target for indexed assignment ("Collection[str]")  [index]
scripts\validate_content.py:556: error: Unsupported target for indexed assignment ("Collection[str]")  [index]
scripts\validate_content.py:558: error: Unsupported target for indexed assignment ("Collection[str]")  [index]
scripts\validate_content.py:562: error: Unsupported target for indexed assignment ("Collection[str]")  [index]
scripts\validate_content.py:565: error: Unsupported target for indexed assignment ("Collection[str]")  [index]
scripts\validate_content.py:567: error: Unsupported target for indexed assignment ("Collection[str]")  [index]
scripts\validate_content.py:571: error: Value of type "Collection[str]" is not indexable  [index]
scripts\validate_content.py:572: error: Value of type "Collection[str]" is not indexable  [index]
scripts\validate_content.py:573: error: Value of type "Collection[str]" is not indexable  [index]
scripts\validate_content.py:791: error: "object" has no attribute "get"  [attr-defined]
scripts\validate_content.py:792: error: "object" has no attribute "append"  [attr-defined]
scripts\validate_content.py:797: error: "object" has no attribute "get"  [attr-defined]
scripts\validate_content.py:798: error: "object" has no attribute "append"  [attr-defined]
scripts\validate_content.py:805: error: "object" has no attribute "get"  [attr-defined]
scripts\validate_content.py:806: error: "object" has no attribute "append"  [attr-defined]
scripts\validate_content.py:813: error: "object" has no attribute "get"  [attr-defined]
scripts\validate_content.py:814: error: "object" has no attribute "append"  [attr-defined]
scripts\validate_content.py:821: error: "object" has no attribute "get"  [attr-defined]
scripts\validate_content.py:822: error: Argument 1 to "len" has incompatible type "object"; expected "Sized"  [arg-type]
scripts\validate_content.py:864: error: "object" has no attribute "append"  [attr-defined]
scripts\validate_content.py:917: error: "object" has no attribute "append"  [attr-defined]
scripts\upload_to_db.py:156: error: Need type annotation for "current_p" (hint: "current_p: list[<type>] = ...")  [var-annotated]
scripts\uk_seed_from_ru.py:129: error: Returning Any from function declared to return "dict[str, Any]"  [no-any-return]
scripts\uk_seed_from_ru.py:176: error: Returning Any from function declared to return "dict[str, Any]"  [no-any-return]
scripts\show_keyword_distribution.py:63: error: Name "keywords" already defined on line 49  [no-redef]
scripts\restore_from_csv.py:42: error: Need type annotation for "keywords" (hint: "keywords: list[<type>] = ...")  [var-annotated]
scripts\restore_from_csv.py:175: error: Argument 1 to "parse_csv_subblocks" has incompatible type "list[str] | None"; expected "list[str]"  [arg-type]
scripts\parse_hubs_logic.py:117: error: Unsupported target for indexed assignment ("Collection[str]")  [index]
scripts\parse_hubs_logic.py:125: error: Value of type "Collection[str]" is not indexable  [index]
scripts\find_orphan_keywords.py:254: error: Incompatible return value type (got "tuple[str | None, int]", expected "tuple[str, int]")  [return-value]
scripts\find_orphan_keywords.py:356: error: Need type annotation for "added"  [var-annotated]
scripts\find_duplicates.py:121: error: Returning Any from function declared to return "dict[Any, Any]"  [no-any-return]
scripts\find_duplicates.py:233: error: "object" has no attribute "__iter__"; maybe "__dir__" or "__str__"? (not iterable)  [attr-defined]
scripts\compare_raw_clean.py:231: error: Returning Any from function declared to return "dict[Any, Any] | None"  [no-any-return]
scripts\compare_raw_clean.py:445: error: Incompatible types in assignment (expression has type "Collection[Any]", variable has type "str")  [assignment]
scripts\compare_raw_clean.py:447: error: Argument 2 to "fix_clean_json" has incompatible type "Collection[Any]"; expected "dict[Any, Any]"  [arg-type]
scripts\compare_raw_clean.py:447: error: Argument 3 to "fix_clean_json" has incompatible type "Collection[Any]"; expected "list[dict[Any, Any]]"  [arg-type]
scripts\compare_raw_clean.py:447: error: Argument 4 to "fix_clean_json" has incompatible type "Collection[Any]"; expected "dict[Any, Any]"  [arg-type]
scripts\cleanup_misplaced.py:72: error: Incompatible return value type (got "tuple[bool, None]", expected "tuple[bool, str]")  [return-value]
scripts\check_h1_sync.py:50: error: Returning Any from function declared to return "str | None"  [no-any-return]
scripts\check_cannibalization.py:50: error: Incompatible return value type (got "defaultdict[Any, list[dict[str, Any]]]", expected "dict[str, dict[str, list[tuple[str, int]]]]")  [return-value]
scripts\check_cannibalization.py:69: error: Incompatible return value type (got "list[dict[str, Collection[Any]]]", expected "tuple[list[dict[Any, Any]], list[dict[Any, Any]]]")  [return-value]
scripts\check_cannibalization.py:83: error: Need type annotation for "processed_pairs" (hint: "processed_pairs: set[<type>] = ...")  [var-annotated]
scripts\check_cannibalization.py:156: error: Argument 1 to "find_intersections" has incompatible type "dict[str, dict[str, list[tuple[str, int]]]]"; expected "dict[str, list[dict[Any, Any]]]"  [arg-type]
scripts\check_cannibalization.py:164: error: No overload variant of "__getitem__" of "list" matches argument type "str"  [call-overload]
scripts\check_cannibalization.py:164: note: Possible overload variants:
scripts\check_cannibalization.py:164: note:     def __getitem__(self, SupportsIndex, /) -> dict[Any, Any]
scripts\check_cannibalization.py:164: note:     def __getitem__(self, slice[Any, Any, Any], /) -> list[dict[Any, Any]]
scripts\check_cannibalization.py:177: error: No overload variant of "__getitem__" of "list" matches argument type "str"  [call-overload]
scripts\check_cannibalization.py:177: note: Possible overload variants:
scripts\check_cannibalization.py:177: note:     def __getitem__(self, SupportsIndex, /) -> dict[Any, Any]
scripts\check_cannibalization.py:177: note:     def __getitem__(self, slice[Any, Any, Any], /) -> list[dict[Any, Any]]
scripts\check_cannibalization.py:178: error: No overload variant of "__getitem__" of "list" matches argument type "str"  [call-overload]
scripts\check_cannibalization.py:178: note: Possible overload variants:
scripts\check_cannibalization.py:178: note:     def __getitem__(self, SupportsIndex, /) -> dict[Any, Any]
scripts\check_cannibalization.py:178: note:     def __getitem__(self, slice[Any, Any, Any], /) -> list[dict[Any, Any]]
scripts\check_cannibalization.py:179: error: No overload variant of "__getitem__" of "list" matches argument type "str"  [call-overload]
scripts\check_cannibalization.py:179: note: Possible overload variants:
scripts\check_cannibalization.py:179: note:     def __getitem__(self, SupportsIndex, /) -> dict[Any, Any]
scripts\check_cannibalization.py:179: note:     def __getitem__(self, slice[Any, Any, Any], /) -> list[dict[Any, Any]]
scripts\check_cannibalization.py:185: error: Argument 1 to "find_partial_intersections" has incompatible type "dict[str, dict[str, list[tuple[str, int]]]]"; expected "dict[str, list[dict[Any, Any]]]"  [arg-type]
scripts\setup_all.py:271: error: Need type annotation for "by_tier"  [var-annotated]
scripts\generate_sql.py:18: error: Library stubs not installed for "markdown"  [import-untyped]
scripts\generate_sql.py:18: note: Hint: "python3 -m pip install types-Markdown"
scripts\generate_sql.py:18: note: (or run "mypy --install-types" to install all missing stub packages)
scripts\generate_sql.py:18: note: See https://mypy.readthedocs.io/en/stable/running_mypy.html#missing-imports
scripts\check_simple_v2_md.py:83: error: Returning Any from function declared to return "str"  [no-any-return]
scripts\check_simple_v2_md.py:131: error: Need type annotation for "phrase_to_keywords" (hint: "phrase_to_keywords: dict[<type>, <type>] = ...")  [var-annotated]
scripts\check_simple_v2_md.py:162: error: Need type annotation for "used_ranges" (hint: "used_ranges: list[<type>] = ...")  [var-annotated]
scripts\check_simple_v2_md.py:202: error: Incompatible default for argument "requirements" (default has type "None", argument has type "dict[Any, Any]")  [assignment]
scripts\check_simple_v2_md.py:202: note: PEP 484 prohibits implicit Optional. Accordingly, mypy has changed its default to no_implicit_optional=True
scripts\check_simple_v2_md.py:202: note: Use https://github.com/hauntsaninja/no_implicit_optional to automatically upgrade your codebase
scripts\check_simple_v2_md.py:240: error: "object" has no attribute "append"  [attr-defined]
scripts\check_simple_v2_md.py:248: error: "object" has no attribute "append"  [attr-defined]
scripts\check_simple_v2_md.py:253: error: "object" has no attribute "append"  [attr-defined]
scripts\check_simple_v2_md.py:290: error: Unsupported operand types for + ("object" and "int")  [operator]
scripts\check_simple_v2_md.py:295: error: "object" has no attribute "append"  [attr-defined]
scripts\check_simple_v2_md.py:317: error: Unsupported operand types for < ("int" and "object")  [operator]
scripts\check_simple_v2_md.py:318: error: Unsupported left operand type for / ("object")  [operator]
scripts\check_simple_v2_md.py:332: error: Unsupported operand types for >= ("int" and "object")  [operator]
scripts\check_simple_v2_md.py:341: error: Unsupported operand types for < ("float" and "object")  [operator]
scripts\check_simple_v2_md.py:342: error: "object" has no attribute "append"  [attr-defined]
scripts\check_simple_v2_md.py:345: error: Unsupported operand types for < ("float" and "object")  [operator]
scripts\check_simple_v2_md.py:346: error: "object" has no attribute "append"  [attr-defined]
scripts\check_simple_v2_md.py:357: error: Unsupported operand types for > ("float" and "object")  [operator]
scripts\check_simple_v2_md.py:358: error: "object" has no attribute "append"  [attr-defined]
scripts\check_simple_v2_md.py:359: error: Unsupported operand types for < ("float" and "object")  [operator]
scripts\check_simple_v2_md.py:360: error: "object" has no attribute "append"  [attr-defined]
scripts\seo_utils.py:36: error: Name "_config" already defined on line 34  [no-redef]
scripts\seo_utils.py:48: error: Returning Any from function declared to return "int"  [no-any-return]
scripts\seo_utils.py:50: error: Returning Any from function declared to return "int"  [no-any-return]
scripts\seo_utils.py:52: error: Returning Any from function declared to return "int"  [no-any-return]
scripts\seo_utils.py:53: error: Returning Any from function declared to return "int"  [no-any-return]
scripts\seo_utils.py:113: error: Returning Any from function declared to return "list[Any]"  [no-any-return]
scripts\seo_utils.py:219: error: Returning Any from function declared to return "str"  [no-any-return]
scripts\seo_utils.py:235: error: Returning Any from function declared to return "str | None"  [no-any-return]
scripts\seo_utils.py:547: error: Need type annotation for "fences" (hint: "fences: dict[<type>, <type>] = ...")  [var-annotated]
scripts\seo_utils.py:906: error: Need type annotation for "zones"  [var-annotated]
scripts\seo_utils.py:977: error: Incompatible default for argument "blacklist" (default has type "None", argument has type "list[str]")  [assignment]
scripts\seo_utils.py:977: note: PEP 484 prohibits implicit Optional. Accordingly, mypy has changed its default to no_implicit_optional=True
scripts\seo_utils.py:977: note: Use https://github.com/hauntsaninja/no_implicit_optional to automatically upgrade your codebase
scripts\url_preparation_filter_and_validate.py:53: error: Returning Any from function declared to return "dict[Any, Any]"  [no-any-return]
scripts\parse_semantics_to_json.py:58: error: Name "L3_TO_SLUG" already defined (possibly by an import)  [no-redef]
scripts\parse_semantics_to_json.py:58: error: Name "SLUG_TO_L3" already defined (possibly by an import)  [no-redef]
scripts\parse_semantics_to_json.py:58: error: Name "get_l3_slug" already defined (possibly by an import)  [no-redef]
scripts\parse_semantics_to_json.py:81: error: Incompatible types in assignment (expression has type "def get_l3_slug(name: str) -> Any", variable has type "def get_l3_slug(l3_name: str) -> str")  [assignment]
scripts\parse_semantics_to_json.py:173: error: Need type annotation for "result"  [var-annotated]
scripts\parse_semantics_to_json.py:354: error: Returning Any from function declared to return "dict[Any, Any] | None"  [no-any-return]
scripts\parse_semantics_to_json.py:365: error: Name "get_tier_requirements" already defined (possibly by an import)  [no-redef]
scripts\parse_semantics_to_json.py:369: error: Name "get_tier_requirements" already defined (possibly by an import)  [no-redef]
scripts\parse_semantics_to_json.py:408: error: Need type annotation for "keywords"  [var-annotated]
scripts\parse_semantics_to_json.py:472: error: Argument 1 to "read_semantics_csv" has incompatible type "Path"; expected "str"  [arg-type]
scripts\parse_semantics_to_json.py:508: error: Argument 1 to "read_semantics_csv" has incompatible type "Path"; expected "str"  [arg-type]
scripts\filter_mega_competitors.py:65: error: Incompatible types in assignment (expression has type "Any | None", variable has type "str")  [assignment]
scripts\export_uk_category_texts.py:28: error: Returning Any from function declared to return "dict[Any, Any]"  [no-any-return]
scripts\export_uk_category_texts.py:37: error: Unused "type: ignore" comment  [unused-ignore]
scripts\check_water_natasha.py:198: error: Name "seo_clean_markdown" already defined (possibly by an import)  [no-redef]
scripts\check_water_natasha.py:252: error: Incompatible return value type (got "None", expected "dict[Any, Any]")  [return-value]
scripts\check_water_natasha.py:261: error: Incompatible return value type (got "None", expected "dict[Any, Any]")  [return-value]
scripts\check_water_natasha.py:315: error: Argument "key" to "max" has incompatible type overloaded function; expected "Callable[[Any], SupportsDunderLT[Any] | SupportsDunderGT[Any]]"  [arg-type]
scripts\check_water_natasha.py:470: error: Returning Any from function declared to return "int"  [no-any-return]
scripts\check_ner_brands.py:226: error: Name "AI_FLUFF_PATTERNS_SSOT" already defined (possibly by an import)  [no-redef]
scripts\check_ner_brands.py:226: error: Name "FALSE_POSITIVE_CITIES_SSOT" already defined (possibly by an import)  [no-redef]
scripts\check_ner_brands.py:226: error: Name "STRICT_PHRASES_SSOT" already defined (possibly by an import)  [no-redef]
scripts\check_ner_brands.py:232: error: Incompatible types in assignment (expression has type "None", variable has type "list[str]")  [assignment]
scripts\check_ner_brands.py:233: error: Incompatible types in assignment (expression has type "None", variable has type "list[str]")  [assignment]
scripts\check_ner_brands.py:234: error: Incompatible types in assignment (expression has type "None", variable has type "list[str]")  [assignment]
scripts\check_ner_brands.py:292: error: Name "seo_clean_markdown" already defined (possibly by an import)  [no-redef]
scripts\check_ner_brands.py:447: error: Value of type "Collection[Any]" is not indexable  [index]
scripts\check_ner_brands.py:448: error: Value of type "Collection[Any]" is not indexable  [index]
scripts\check_ner_brands.py:449: error: Value of type "Collection[Any]" is not indexable  [index]
scripts\check_ner_brands.py:452: error: Unsupported target for indexed assignment ("Collection[Any]")  [index]
scripts\check_ner_brands.py:453: error: Unsupported target for indexed assignment ("Collection[Any]")  [index]
scripts\batch_generate.py:51: error: Name "L3_TO_SLUG" already defined (possibly by an import)  [no-redef]
scripts\batch_generate.py:51: error: Name "QUALITY_THRESHOLDS" already defined (possibly by an import)  [no-redef]
scripts\batch_generate.py:51: error: Name "SLUG_TO_L3" already defined (possibly by an import)  [no-redef]
scripts\batch_generate.py:51: error: Name "slugify" already defined (possibly by an import)  [no-redef]
scripts\batch_generate.py:66: error: Returning Any from function declared to return "dict[Any, Any]"  [no-any-return]
scripts\batch_generate.py:117: error: Need type annotation for "current_keywords" (hint: "current_keywords: list[<type>] = ...")  [var-annotated]
scripts\batch_generate.py:137: error: Generator has incompatible item type "object"; expected "bool"  [misc]
scripts\batch_generate.py:154: error: Generator has incompatible item type "object"; expected "bool"  [misc]
scripts\batch_generate.py:175: error: Generator has incompatible item type "object"; expected "bool"  [misc]
scripts\batch_generate.py:311: error: Name "QUALITY_THRESHOLDS" already defined (possibly by an import)  [no-redef]
scripts\batch_generate.py:588: error: Need type annotation for "stages" (hint: "stages: dict[<type>, <type>] = ...")  [var-annotated]
scripts\analyze_category.py:147: error: Name "L3_TO_SLUG" already defined (possibly by an import)  [no-redef]
scripts\analyze_category.py:147: error: Name "SLUG_TO_L3" already defined (possibly by an import)  [no-redef]
scripts\analyze_category.py:147: error: Name "get_commercial_modifiers" already defined (possibly by an import)  [no-redef]
scripts\analyze_category.py:147: error: Name "get_l3_slug" already defined (possibly by an import)  [no-redef]
scripts\analyze_category.py:170: error: Incompatible types in assignment (expression has type "def get_l3_slug(name: str) -> Any", variable has type "def get_l3_slug(l3_name: str) -> str")  [assignment]
scripts\analyze_category.py:210: error: Name "get_guidelines_coverage_target" already defined (possibly by an import)  [no-redef]
scripts\analyze_category.py:490: error: Name "get_mappings_for_lang" already defined (possibly by an import)  [no-redef]
scripts\analyze_category.py:554: error: Incompatible types in assignment (expression has type "Any | None", target has type "dict[str, Any]")  [assignment]
scripts\analyze_category.py:555: error: Incompatible types in assignment (expression has type "Any | None", target has type "dict[str, Any]")  [assignment]
scripts\analyze_category.py:556: error: Incompatible types in assignment (expression has type "Any | None", target has type "dict[str, Any]")  [assignment]
scripts\analyze_category.py:557: error: Incompatible types in assignment (expression has type "Any | None", target has type "dict[str, Any]")  [assignment]
scripts\quality_runner.py:126: error: Unsupported target for indexed assignment ("object")  [index]
scripts\quality_runner.py:137: error: Unsupported target for indexed assignment ("object")  [index]
scripts\quality_runner.py:138: error: Unsupported target for indexed assignment ("object")  [index]
scripts\quality_runner.py:161: error: Unsupported target for indexed assignment ("object")  [index]
scripts\quality_runner.py:166: error: Unsupported target for indexed assignment ("object")  [index]
scripts\quality_runner.py:167: error: Unsupported target for indexed assignment ("object")  [index]
scripts\quality_runner.py:174: error: Unsupported target for indexed assignment ("object")  [index]
scripts\quality_runner.py:175: error: Unsupported target for indexed assignment ("object")  [index]
scripts\quality_runner.py:212: error: Unsupported target for indexed assignment ("object")  [index]
scripts\quality_runner.py:228: error: Unsupported target for indexed assignment ("object")  [index]
scripts\quality_runner.py:229: error: Unsupported target for indexed assignment ("object")  [index]
scripts\quality_runner.py:243: error: Incompatible return value type (got "tuple[str, list[dict[str, Any]]]", expected "tuple[str, list[str]]")  [return-value]
scripts\quality_runner.py:247: error: Unsupported target for indexed assignment ("object")  [index]
scripts\quality_runner.py:248: error: Unsupported target for indexed assignment ("object")  [index]
scripts\quality_runner.py:253: error: Unsupported target for indexed assignment ("object")  [index]
scripts\quality_runner.py:254: error: Unsupported target for indexed assignment ("object")  [index]
scripts\quality_runner.py:283: error: Unsupported target for indexed assignment ("object")  [index]
scripts\quality_runner.py:295: error: Unsupported target for indexed assignment ("object")  [index]
scripts\quality_runner.py:325: error: Unsupported target for indexed assignment ("object")  [index]
scripts\quality_runner.py:334: error: Unsupported target for indexed assignment ("object")  [index]
scripts\quality_runner.py:337: error: Unsupported target for indexed assignment ("object")  [index]
scripts\quality_runner.py:356: error: Value of type "object" is not indexable  [index]
scripts\quality_runner.py:360: error: Unsupported target for indexed assignment ("object")  [index]
scripts\quality_runner.py:365: error: Unsupported target for indexed assignment ("object")  [index]
scripts\quality_runner.py:385: error: Unsupported target for indexed assignment ("object")  [index]
scripts\quality_runner.py:428: error: Unsupported target for indexed assignment ("object")  [index]
scripts\quality_runner.py:433: error: Unsupported target for indexed assignment ("object")  [index]
scripts\quality_runner.py:436: error: Unsupported target for indexed assignment ("object")  [index]
scripts\quality_runner.py:440: error: Unsupported target for indexed assignment ("object")  [index]
scripts\quality_runner.py:443: error: Unsupported target for indexed assignment ("object")  [index]
scripts\quality_runner.py:451: error: Unsupported target for indexed assignment ("object")  [index]
scripts\quality_runner.py:462: error: Value of type "object" is not indexable  [index]
scripts\quality_runner.py:466: error: Unsupported target for indexed assignment ("object")  [index]
scripts\quality_runner.py:511: error: Unsupported target for indexed assignment ("object")  [index]
scripts\quality_runner.py:556: error: Unsupported target for indexed assignment ("object")  [index]
scripts\quality_runner.py:562: error: Unsupported target for indexed assignment ("object")  [index]
scripts\quality_runner.py:566: error: Unsupported target for indexed assignment ("object")  [index]
scripts\quality_runner.py:577: error: Unsupported target for indexed assignment ("object")  [index]
scripts\quality_runner.py:582: error: Unsupported target for indexed assignment ("object")  [index]
scripts\quality_runner.py:643: error: Unsupported target for indexed assignment ("object")  [index]
scripts\quality_runner.py:656: error: Unsupported target for indexed assignment ("object")  [index]
scripts\quality_runner.py:660: error: Unsupported target for indexed assignment ("object")  [index]
scripts\quality_runner.py:670: error: Unsupported target for indexed assignment ("object")  [index]
scripts\quality_runner.py:675: error: Unsupported target for indexed assignment ("object")  [index]
scripts\quality_runner.py:695: error: Unsupported target for indexed assignment ("object")  [index]
scripts\quality_runner.py:696: error: Unsupported target for indexed assignment ("object")  [index]
scripts\quality_runner.py:738: error: Unsupported target for indexed assignment ("object")  [index]
scripts\quality_runner.py:743: error: Unsupported target for indexed assignment ("object")  [index]
scripts\quality_runner.py:813: error: Name "argparse" is not defined  [name-defined]
Found 282 errors in 33 files (checked 46 source files)
