scripts\md_to_html.py:35: error: Need type annotation for "current_p" (hint: "current_p: list[<type>] = ...")  [var-annotated]
scripts\extract_products.py:27: error: Need type annotation for "cat_products" (hint: "cat_products: dict[<type>, <type>] = ...")  [var-annotated]
scripts\check_seo_structure.py:269: error: Incompatible types in assignment (expression has type "str", target has type "dict[Any, Any]")  [assignment]
scripts\extract_products_with_desc.py:38: error: Need type annotation for "cat_products" (hint: "cat_products: dict[<type>, <type>] = ...")  [var-annotated]
scripts\mega_url_extract.py:161: error: Argument 1 to "read_urls_from_file" has incompatible type "Path | None"; expected "Path"  [arg-type]
scripts\mega_url_extract.py:174: error: Generator has incompatible item type "int"; expected "bool"  [misc]
scripts\mega_url_extract.py:174: error: Argument 1 to "read_urls_from_file" has incompatible type "Path | None"; expected "Path"  [arg-type]
scripts\validate_uk.py:82: error: Assignment to variable "e" outside except: block  [misc]
scripts\validate_uk.py:83: error: Trying to read deleted variable "e"  [misc]
scripts\upload_to_db.py:156: error: Need type annotation for "current_p" (hint: "current_p: list[<type>] = ...")  [var-annotated]
scripts\uk_seed_from_ru.py:129: error: Returning Any from function declared to return "dict[str, Any]"  [no-any-return]
scripts\uk_seed_from_ru.py:176: error: Returning Any from function declared to return "dict[str, Any]"  [no-any-return]
scripts\show_keyword_distribution.py:63: error: Name "keywords" already defined on line 49  [no-redef]
scripts\restore_from_csv.py:42: error: Need type annotation for "keywords" (hint: "keywords: list[<type>] = ...")  [var-annotated]
scripts\restore_from_csv.py:175: error: Argument 1 to "parse_csv_subblocks" has incompatible type "list[str] | None"; expected "list[str]"  [arg-type]
scripts\parse_hubs_logic.py:117: error: Unsupported target for indexed assignment ("Collection[str]")  [index]
scripts\parse_hubs_logic.py:125: error: Value of type "Collection[str]" is not indexable  [index]
scripts\find_orphan_keywords.py:254: error: Incompatible return value type (got "tuple[str | None, int]", expected "tuple[str, int]")  [return-value]
scripts\find_orphan_keywords.py:356: error: Need type annotation for "added"  [var-annotated]
scripts\find_duplicates.py:121: error: Returning Any from function declared to return "dict[Any, Any]"  [no-any-return]
scripts\find_duplicates.py:233: error: "object" has no attribute "__iter__"; maybe "__dir__" or "__str__"? (not iterable)  [attr-defined]
scripts\compare_raw_clean.py:231: error: Returning Any from function declared to return "dict[Any, Any] | None"  [no-any-return]
scripts\compare_raw_clean.py:445: error: Incompatible types in assignment (expression has type "Collection[Any]", variable has type "str")  [assignment]
scripts\compare_raw_clean.py:447: error: Argument 2 to "fix_clean_json" has incompatible type "Collection[Any]"; expected "dict[Any, Any]"  [arg-type]
scripts\compare_raw_clean.py:447: error: Argument 3 to "fix_clean_json" has incompatible type "Collection[Any]"; expected "list[dict[Any, Any]]"  [arg-type]
scripts\compare_raw_clean.py:447: error: Argument 4 to "fix_clean_json" has incompatible type "Collection[Any]"; expected "dict[Any, Any]"  [arg-type]
scripts\cleanup_misplaced.py:72: error: Incompatible return value type (got "tuple[bool, None]", expected "tuple[bool, str]")  [return-value]
scripts\check_h1_sync.py:50: error: Returning Any from function declared to return "str | None"  [no-any-return]
scripts\check_cannibalization.py:50: error: Incompatible return value type (got "defaultdict[Any, list[dict[str, Any]]]", expected "dict[str, dict[str, list[tuple[str, int]]]]")  [return-value]
scripts\check_cannibalization.py:69: error: Incompatible return value type (got "list[dict[str, Collection[Any]]]", expected "tuple[list[dict[Any, Any]], list[dict[Any, Any]]]")  [return-value]
scripts\check_cannibalization.py:83: error: Need type annotation for "processed_pairs" (hint: "processed_pairs: set[<type>] = ...")  [var-annotated]
scripts\check_cannibalization.py:156: error: Argument 1 to "find_intersections" has incompatible type "dict[str, dict[str, list[tuple[str, int]]]]"; expected "dict[str, list[dict[Any, Any]]]"  [arg-type]
scripts\check_cannibalization.py:164: error: No overload variant of "__getitem__" of "list" matches argument type "str"  [call-overload]
scripts\check_cannibalization.py:164: note: Possible overload variants:
scripts\check_cannibalization.py:164: note:     def __getitem__(self, SupportsIndex, /) -> dict[Any, Any]
scripts\check_cannibalization.py:164: note:     def __getitem__(self, slice[Any, Any, Any], /) -> list[dict[Any, Any]]
scripts\check_cannibalization.py:177: error: No overload variant of "__getitem__" of "list" matches argument type "str"  [call-overload]
scripts\check_cannibalization.py:177: note: Possible overload variants:
scripts\check_cannibalization.py:177: note:     def __getitem__(self, SupportsIndex, /) -> dict[Any, Any]
scripts\check_cannibalization.py:177: note:     def __getitem__(self, slice[Any, Any, Any], /) -> list[dict[Any, Any]]
scripts\check_cannibalization.py:178: error: No overload variant of "__getitem__" of "list" matches argument type "str"  [call-overload]
scripts\check_cannibalization.py:178: note: Possible overload variants:
scripts\check_cannibalization.py:178: note:     def __getitem__(self, SupportsIndex, /) -> dict[Any, Any]
scripts\check_cannibalization.py:178: note:     def __getitem__(self, slice[Any, Any, Any], /) -> list[dict[Any, Any]]
scripts\check_cannibalization.py:179: error: No overload variant of "__getitem__" of "list" matches argument type "str"  [call-overload]
scripts\check_cannibalization.py:179: note: Possible overload variants:
scripts\check_cannibalization.py:179: note:     def __getitem__(self, SupportsIndex, /) -> dict[Any, Any]
scripts\check_cannibalization.py:179: note:     def __getitem__(self, slice[Any, Any, Any], /) -> list[dict[Any, Any]]
scripts\check_cannibalization.py:185: error: Argument 1 to "find_partial_intersections" has incompatible type "dict[str, dict[str, list[tuple[str, int]]]]"; expected "dict[str, list[dict[Any, Any]]]"  [arg-type]
scripts\setup_all.py:271: error: Need type annotation for "by_tier"  [var-annotated]
scripts\check_simple_v2_md.py:83: error: Returning Any from function declared to return "str"  [no-any-return]
scripts\check_simple_v2_md.py:131: error: Need type annotation for "phrase_to_keywords" (hint: "phrase_to_keywords: dict[<type>, <type>] = ...")  [var-annotated]
scripts\check_simple_v2_md.py:162: error: Need type annotation for "used_ranges" (hint: "used_ranges: list[<type>] = ...")  [var-annotated]
scripts\check_simple_v2_md.py:202: error: Incompatible default for argument "requirements" (default has type "None", argument has type "dict[Any, Any]")  [assignment]
scripts\check_simple_v2_md.py:202: note: PEP 484 prohibits implicit Optional. Accordingly, mypy has changed its default to no_implicit_optional=True
scripts\check_simple_v2_md.py:202: note: Use https://github.com/hauntsaninja/no_implicit_optional to automatically upgrade your codebase
scripts\check_simple_v2_md.py:240: error: "object" has no attribute "append"  [attr-defined]
scripts\check_simple_v2_md.py:248: error: "object" has no attribute "append"  [attr-defined]
scripts\check_simple_v2_md.py:253: error: "object" has no attribute "append"  [attr-defined]
scripts\check_simple_v2_md.py:290: error: Unsupported operand types for + ("object" and "int")  [operator]
scripts\check_simple_v2_md.py:295: error: "object" has no attribute "append"  [attr-defined]
scripts\check_simple_v2_md.py:317: error: Unsupported operand types for < ("int" and "object")  [operator]
scripts\check_simple_v2_md.py:318: error: Unsupported left operand type for / ("object")  [operator]
scripts\check_simple_v2_md.py:332: error: Unsupported operand types for >= ("int" and "object")  [operator]
scripts\check_simple_v2_md.py:341: error: Unsupported operand types for < ("float" and "object")  [operator]
scripts\check_simple_v2_md.py:342: error: "object" has no attribute "append"  [attr-defined]
scripts\check_simple_v2_md.py:345: error: Unsupported operand types for < ("float" and "object")  [operator]
scripts\check_simple_v2_md.py:346: error: "object" has no attribute "append"  [attr-defined]
scripts\check_simple_v2_md.py:357: error: Unsupported operand types for > ("float" and "object")  [operator]
scripts\check_simple_v2_md.py:358: error: "object" has no attribute "append"  [attr-defined]
scripts\check_simple_v2_md.py:359: error: Unsupported operand types for < ("float" and "object")  [operator]
scripts\check_simple_v2_md.py:360: error: "object" has no attribute "append"  [attr-defined]
scripts\seo_utils.py:36: error: Name "_config" already defined on line 34  [no-redef]
scripts\seo_utils.py:48: error: Returning Any from function declared to return "int"  [no-any-return]
scripts\seo_utils.py:50: error: Returning Any from function declared to return "int"  [no-any-return]
scripts\seo_utils.py:52: error: Returning Any from function declared to return "int"  [no-any-return]
scripts\seo_utils.py:53: error: Returning Any from function declared to return "int"  [no-any-return]
scripts\seo_utils.py:113: error: Returning Any from function declared to return "list[Any]"  [no-any-return]
scripts\seo_utils.py:219: error: Returning Any from function declared to return "str"  [no-any-return]
scripts\seo_utils.py:235: error: Returning Any from function declared to return "str | None"  [no-any-return]
scripts\seo_utils.py:547: error: Need type annotation for "fences" (hint: "fences: dict[<type>, <type>] = ...")  [var-annotated]
scripts\seo_utils.py:906: error: Need type annotation for "zones"  [var-annotated]
scripts\seo_utils.py:977: error: Incompatible default for argument "blacklist" (default has type "None", argument has type "list[str]")  [assignment]
scripts\seo_utils.py:977: note: PEP 484 prohibits implicit Optional. Accordingly, mypy has changed its default to no_implicit_optional=True
scripts\seo_utils.py:977: note: Use https://github.com/hauntsaninja/no_implicit_optional to automatically upgrade your codebase
scripts\url_preparation_filter_and_validate.py:53: error: Returning Any from function declared to return "dict[Any, Any]"  [no-any-return]
scripts\parse_semantics_to_json.py:58: error: Name "L3_TO_SLUG" already defined (possibly by an import)  [no-redef]
scripts\parse_semantics_to_json.py:58: error: Name "SLUG_TO_L3" already defined (possibly by an import)  [no-redef]
scripts\parse_semantics_to_json.py:58: error: Name "get_l3_slug" already defined (possibly by an import)  [no-redef]
scripts\parse_semantics_to_json.py:81: error: Incompatible types in assignment (expression has type "def get_l3_slug(name: str) -> Any", variable has type "def get_l3_slug(l3_name: str) -> str")  [assignment]
scripts\parse_semantics_to_json.py:173: error: Need type annotation for "result"  [var-annotated]
scripts\parse_semantics_to_json.py:354: error: Returning Any from function declared to return "dict[Any, Any] | None"  [no-any-return]
scripts\parse_semantics_to_json.py:365: error: Name "get_tier_requirements" already defined (possibly by an import)  [no-redef]
scripts\parse_semantics_to_json.py:369: error: Name "get_tier_requirements" already defined (possibly by an import)  [no-redef]
scripts\parse_semantics_to_json.py:408: error: Need type annotation for "keywords"  [var-annotated]
scripts\parse_semantics_to_json.py:472: error: Argument 1 to "read_semantics_csv" has incompatible type "Path"; expected "str"  [arg-type]
scripts\parse_semantics_to_json.py:508: error: Argument 1 to "read_semantics_csv" has incompatible type "Path"; expected "str"  [arg-type]
scripts\filter_mega_competitors.py:65: error: Incompatible types in assignment (expression has type "Any | None", variable has type "str")  [assignment]
scripts\export_uk_category_texts.py:28: error: Returning Any from function declared to return "dict[Any, Any]"  [no-any-return]
scripts\export_uk_category_texts.py:37: error: Unused "type: ignore" comment  [unused-ignore]
scripts\check_water_natasha.py:198: error: Name "seo_clean_markdown" already defined (possibly by an import)  [no-redef]
scripts\check_water_natasha.py:252: error: Incompatible return value type (got "None", expected "dict[Any, Any]")  [return-value]
scripts\check_water_natasha.py:261: error: Incompatible return value type (got "None", expected "dict[Any, Any]")  [return-value]
scripts\check_water_natasha.py:315: error: Argument "key" to "max" has incompatible type overloaded function; expected "Callable[[Any], SupportsDunderLT[Any] | SupportsDunderGT[Any]]"  [arg-type]
scripts\check_water_natasha.py:470: error: Returning Any from function declared to return "int"  [no-any-return]
scripts\check_ner_brands.py:226: error: Name "AI_FLUFF_PATTERNS_SSOT" already defined (possibly by an import)  [no-redef]
scripts\check_ner_brands.py:226: error: Name "FALSE_POSITIVE_CITIES_SSOT" already defined (possibly by an import)  [no-redef]
scripts\check_ner_brands.py:226: error: Name "STRICT_PHRASES_SSOT" already defined (possibly by an import)  [no-redef]
scripts\check_ner_brands.py:232: error: Incompatible types in assignment (expression has type "None", variable has type "list[str]")  [assignment]
scripts\check_ner_brands.py:233: error: Incompatible types in assignment (expression has type "None", variable has type "list[str]")  [assignment]
scripts\check_ner_brands.py:234: error: Incompatible types in assignment (expression has type "None", variable has type "list[str]")  [assignment]
scripts\check_ner_brands.py:292: error: Name "seo_clean_markdown" already defined (possibly by an import)  [no-redef]
scripts\check_ner_brands.py:447: error: Value of type "Collection[Any]" is not indexable  [index]
scripts\check_ner_brands.py:448: error: Value of type "Collection[Any]" is not indexable  [index]
scripts\check_ner_brands.py:449: error: Value of type "Collection[Any]" is not indexable  [index]
scripts\check_ner_brands.py:452: error: Unsupported target for indexed assignment ("Collection[Any]")  [index]
scripts\check_ner_brands.py:453: error: Unsupported target for indexed assignment ("Collection[Any]")  [index]
scripts\batch_generate.py:51: error: Name "L3_TO_SLUG" already defined (possibly by an import)  [no-redef]
scripts\batch_generate.py:51: error: Name "QUALITY_THRESHOLDS" already defined (possibly by an import)  [no-redef]
scripts\batch_generate.py:51: error: Name "SLUG_TO_L3" already defined (possibly by an import)  [no-redef]
scripts\batch_generate.py:51: error: Name "slugify" already defined (possibly by an import)  [no-redef]
scripts\batch_generate.py:66: error: Returning Any from function declared to return "dict[Any, Any]"  [no-any-return]
scripts\batch_generate.py:117: error: Need type annotation for "current_keywords" (hint: "current_keywords: list[<type>] = ...")  [var-annotated]
scripts\batch_generate.py:137: error: Generator has incompatible item type "object"; expected "bool"  [misc]
scripts\batch_generate.py:154: error: Generator has incompatible item type "object"; expected "bool"  [misc]
scripts\batch_generate.py:175: error: Generator has incompatible item type "object"; expected "bool"  [misc]
scripts\batch_generate.py:311: error: Name "QUALITY_THRESHOLDS" already defined (possibly by an import)  [no-redef]
scripts\batch_generate.py:588: error: Need type annotation for "stages" (hint: "stages: dict[<type>, <type>] = ...")  [var-annotated]
scripts\analyze_category.py:147: error: Name "L3_TO_SLUG" already defined (possibly by an import)  [no-redef]
scripts\analyze_category.py:147: error: Name "SLUG_TO_L3" already defined (possibly by an import)  [no-redef]
scripts\analyze_category.py:147: error: Name "get_commercial_modifiers" already defined (possibly by an import)  [no-redef]
scripts\analyze_category.py:147: error: Name "get_l3_slug" already defined (possibly by an import)  [no-redef]
scripts\analyze_category.py:170: error: Incompatible types in assignment (expression has type "def get_l3_slug(name: str) -> Any", variable has type "def get_l3_slug(l3_name: str) -> str")  [assignment]
scripts\analyze_category.py:210: error: Name "get_guidelines_coverage_target" already defined (possibly by an import)  [no-redef]
scripts\analyze_category.py:490: error: Name "get_mappings_for_lang" already defined (possibly by an import)  [no-redef]
scripts\analyze_category.py:554: error: Incompatible types in assignment (expression has type "Any | None", target has type "dict[str, Any]")  [assignment]
scripts\analyze_category.py:555: error: Incompatible types in assignment (expression has type "Any | None", target has type "dict[str, Any]")  [assignment]
scripts\analyze_category.py:556: error: Incompatible types in assignment (expression has type "Any | None", target has type "dict[str, Any]")  [assignment]
scripts\analyze_category.py:557: error: Incompatible types in assignment (expression has type "Any | None", target has type "dict[str, Any]")  [assignment]
scripts\validate_meta.py:437: error: Name "Tuple" is not defined  [name-defined]
scripts\validate_meta.py:437: note: Did you forget to import it from "typing"? (Suggestion: "from typing import Tuple")
scripts\validate_content.py:71: error: Name "CONTENT_STANDARDS" already defined (possibly by an import)  [no-redef]
scripts\validate_content.py:71: error: Name "QUALITY_THRESHOLDS" already defined (possibly by an import)  [no-redef]
scripts\validate_content.py:71: error: Name "get_adaptive_coverage_target" already defined (possibly by an import)  [no-redef]
scripts\validate_content.py:792: error: "object" has no attribute "get"  [attr-defined]
scripts\validate_content.py:798: error: "object" has no attribute "get"  [attr-defined]
scripts\validate_content.py:806: error: "object" has no attribute "get"  [attr-defined]
scripts\validate_content.py:814: error: "object" has no attribute "get"  [attr-defined]
scripts\validate_content.py:822: error: "object" has no attribute "get"  [attr-defined]
scripts\validate_content.py:865: error: "object" has no attribute "append"  [attr-defined]
scripts\validate_content.py:918: error: "object" has no attribute "append"  [attr-defined]
scripts\quality_runner.py:245: error: Incompatible return value type (got "tuple[str, list[dict[str, Any]]]", expected "tuple[str, list[str]]")  [return-value]
Found 135 errors in 31 files (checked 46 source files)
